# JRE version: OpenJDK Runtime Environment (8.0_76-b03) (build 1.8.0_76-release-b03)
# Java VM: OpenJDK 64-Bit Server VM (25.76-b03 mixed mode linux-amd64 compressed oops)
Heap:
 PSYoungGen      total 285696K, used 12478K [0x00000000e0000000, 0x00000000f2b80000, 0x0000000100000000)
  eden space 264704K, 0% used [0x00000000e0000000,0x00000000e0000000,0x00000000f0280000)
  from space 20992K, 59% used [0x00000000f0280000,0x00000000f0eafb88,0x00000000f1700000)
  to   space 11776K, 0% used [0x00000000f2000000,0x00000000f2000000,0x00000000f2b80000)
 ParOldGen       total 100864K, used 44016K [0x00000000a0000000, 0x00000000a6280000, 0x00000000e0000000)
  object space 100864K, 43% used [0x00000000a0000000,0x00000000a2afc158,0x00000000a6280000)
 Metaspace       used 59744K, capacity 62429K, committed 62592K, reserved 1103872K
  class space    used 8062K, capacity 8725K, committed 8832K, reserved 1048576K
GC Heap History (10 events):
Event: 11,962 GC heap after
Heap after GC invocations=12 (full 2):
 PSYoungGen      total 207872K, used 14819K [0x00000000e0000000, 0x00000000eea00000, 0x0000000100000000)
  eden space 193024K, 0% used [0x00000000e0000000,0x00000000e0000000,0x00000000ebc80000)
  from space 14848K, 99% used [0x00000000ed080000,0x00000000edef8d40,0x00000000edf00000)
  to   space 20480K, 0% used [0x00000000ebc80000,0x00000000ebc80000,0x00000000ed080000)
 ParOldGen       total 55296K, used 30335K [0x00000000a0000000, 0x00000000a3600000, 0x00000000e0000000)
  object space 55296K, 54% used [0x00000000a0000000,0x00000000a1d9fca0,0x00000000a3600000)
 Metaspace       used 54388K, capacity 55804K, committed 56064K, reserved 1097728K
  class space    used 7265K, capacity 7600K, committed 7680K, reserved 1048576K
}
Event: 13,279 GC heap before
{Heap before GC invocations=13 (full 2):
 PSYoungGen      total 207872K, used 113739K [0x00000000e0000000, 0x00000000eea00000, 0x0000000100000000)
  eden space 193024K, 51% used [0x00000000e0000000,0x00000000e609a000,0x00000000ebc80000)
  from space 14848K, 99% used [0x00000000ed080000,0x00000000edef8d40,0x00000000edf00000)
  to   space 20480K, 0% used [0x00000000ebc80000,0x00000000ebc80000,0x00000000ed080000)
 ParOldGen       total 55296K, used 30335K [0x00000000a0000000, 0x00000000a3600000, 0x00000000e0000000)
  object space 55296K, 54% used [0x00000000a0000000,0x00000000a1d9fca0,0x00000000a3600000)
 Metaspace       used 57150K, capacity 59111K, committed 59160K, reserved 1099776K
  class space    used 7769K, capacity 8271K, committed 8320K, reserved 1048576K
Event: 13,423 GC heap after
Heap after GC invocations=13 (full 2):
 PSYoungGen      total 213504K, used 12807K [0x00000000e0000000, 0x00000000f3480000, 0x0000000100000000)
  eden space 193024K, 0% used [0x00000000e0000000,0x00000000e0000000,0x00000000ebc80000)
  from space 20480K, 62% used [0x00000000ebc80000,0x00000000ec901fa8,0x00000000ed080000)
  to   space 20992K, 0% used [0x00000000f2000000,0x00000000f2000000,0x00000000f3480000)
 ParOldGen       total 55296K, used 45233K [0x00000000a0000000, 0x00000000a3600000, 0x00000000e0000000)
  object space 55296K, 81% used [0x00000000a0000000,0x00000000a2c2c788,0x00000000a3600000)
 Metaspace       used 57150K, capacity 59111K, committed 59160K, reserved 1099776K
  class space    used 7769K, capacity 8271K, committed 8320K, reserved 1048576K
}
Event: 13,423 GC heap before
{Heap before GC invocations=14 (full 3):
 PSYoungGen      total 213504K, used 12807K [0x00000000e0000000, 0x00000000f3480000, 0x0000000100000000)
  eden space 193024K, 0% used [0x00000000e0000000,0x00000000e0000000,0x00000000ebc80000)
  from space 20480K, 62% used [0x00000000ebc80000,0x00000000ec901fa8,0x00000000ed080000)
  to   space 20992K, 0% used [0x00000000f2000000,0x00000000f2000000,0x00000000f3480000)
 ParOldGen       total 55296K, used 45233K [0x00000000a0000000, 0x00000000a3600000, 0x00000000e0000000)
  object space 55296K, 81% used [0x00000000a0000000,0x00000000a2c2c788,0x00000000a3600000)
 Metaspace       used 57150K, capacity 59111K, committed 59160K, reserved 1099776K
  class space    used 7769K, capacity 8271K, committed 8320K, reserved 1048576K
Event: 13,798 GC heap after
Heap after GC invocations=14 (full 3):
 PSYoungGen      total 213504K, used 0K [0x00000000e0000000, 0x00000000f3480000, 0x0000000100000000)
  eden space 193024K, 0% used [0x00000000e0000000,0x00000000e0000000,0x00000000ebc80000)
  from space 20480K, 0% used [0x00000000ebc80000,0x00000000ebc80000,0x00000000ed080000)
  to   space 20992K, 0% used [0x00000000f2000000,0x00000000f2000000,0x00000000f3480000)
 ParOldGen       total 100864K, used 49792K [0x00000000a0000000, 0x00000000a6280000, 0x00000000e0000000)
  object space 100864K, 49% used [0x00000000a0000000,0x00000000a30a0308,0x00000000a6280000)
 Metaspace       used 57150K, capacity 59111K, committed 59160K, reserved 1099776K
  class space    used 7769K, capacity 8271K, committed 8320K, reserved 1048576K
}
Event: 13,871 GC heap before
{Heap before GC invocations=15 (full 3):
 PSYoungGen      total 213504K, used 6826K [0x00000000e0000000, 0x00000000f3480000, 0x0000000100000000)
  eden space 193024K, 3% used [0x00000000e0000000,0x00000000e06aab58,0x00000000ebc80000)
  from space 20480K, 0% used [0x00000000ebc80000,0x00000000ebc80000,0x00000000ed080000)
  to   space 20992K, 0% used [0x00000000f2000000,0x00000000f2000000,0x00000000f3480000)
 ParOldGen       total 100864K, used 49792K [0x00000000a0000000, 0x00000000a6280000, 0x00000000e0000000)
  object space 100864K, 49% used [0x00000000a0000000,0x00000000a30a0308,0x00000000a6280000)
 Metaspace       used 57362K, capacity 59401K, committed 59416K, reserved 1099776K
  class space    used 7799K, capacity 8308K, committed 8320K, reserved 1048576K
Event: 13,887 GC heap after
Heap after GC invocations=15 (full 3):
 PSYoungGen      total 276480K, used 738K [0x00000000e0000000, 0x00000000f2b80000, 0x0000000100000000)
  eden space 264704K, 0% used [0x00000000e0000000,0x00000000e0000000,0x00000000f0280000)
  from space 11776K, 6% used [0x00000000f2000000,0x00000000f20b8a28,0x00000000f2b80000)
  to   space 20992K, 0% used [0x00000000f0280000,0x00000000f0280000,0x00000000f1700000)
 ParOldGen       total 100864K, used 49792K [0x00000000a0000000, 0x00000000a6280000, 0x00000000e0000000)
  object space 100864K, 49% used [0x00000000a0000000,0x00000000a30a0308,0x00000000a6280000)
 Metaspace       used 57362K, capacity 59401K, committed 59416K, reserved 1099776K
  class space    used 7799K, capacity 8308K, committed 8320K, reserved 1048576K
}
Event: 13,887 GC heap before
{Heap before GC invocations=16 (full 4):
 PSYoungGen      total 276480K, used 738K [0x00000000e0000000, 0x00000000f2b80000, 0x0000000100000000)
  eden space 264704K, 0% used [0x00000000e0000000,0x00000000e0000000,0x00000000f0280000)
  from space 11776K, 6% used [0x00000000f2000000,0x00000000f20b8a28,0x00000000f2b80000)
  to   space 20992K, 0% used [0x00000000f0280000,0x00000000f0280000,0x00000000f1700000)
 ParOldGen       total 100864K, used 49792K [0x00000000a0000000, 0x00000000a6280000, 0x00000000e0000000)
  object space 100864K, 49% used [0x00000000a0000000,0x00000000a30a0308,0x00000000a6280000)
 Metaspace       used 57362K, capacity 59401K, committed 59416K, reserved 1099776K
  class space    used 7799K, capacity 8308K, committed 8320K, reserved 1048576K
Event: 14,206 GC heap after
Heap after GC invocations=16 (full 4):
 PSYoungGen      total 276480K, used 0K [0x00000000e0000000, 0x00000000f2b80000, 0x0000000100000000)
  eden space 264704K, 0% used [0x00000000e0000000,0x00000000e0000000,0x00000000f0280000)
  from space 11776K, 0% used [0x00000000f2000000,0x00000000f2000000,0x00000000f2b80000)
  to   space 20992K, 0% used [0x00000000f0280000,0x00000000f0280000,0x00000000f1700000)
 ParOldGen       total 100864K, used 44008K [0x00000000a0000000, 0x00000000a6280000, 0x00000000e0000000)
  object space 100864K, 43% used [0x00000000a0000000,0x00000000a2afa158,0x00000000a6280000)
 Metaspace       used 57362K, capacity 59401K, committed 59416K, reserved 1099776K
  class space    used 7799K, capacity 8308K, committed 8320K, reserved 1048576K
}
Event: 121,571 GC heap before
{Heap before GC invocations=17 (full 4):
 PSYoungGen      total 276480K, used 264704K [0x00000000e0000000, 0x00000000f2b80000, 0x0000000100000000)
  eden space 264704K, 100% used [0x00000000e0000000,0x00000000f0280000,0x00000000f0280000)
  from space 11776K, 0% used [0x00000000f2000000,0x00000000f2000000,0x00000000f2b80000)
  to   space 20992K, 0% used [0x00000000f0280000,0x00000000f0280000,0x00000000f1700000)
 ParOldGen       total 100864K, used 44008K [0x00000000a0000000, 0x00000000a6280000, 0x00000000e0000000)
  object space 100864K, 43% used [0x00000000a0000000,0x00000000a2afa158,0x00000000a6280000)
 Metaspace       used 59744K, capacity 62429K, committed 62592K, reserved 1103872K
  class space    used 8062K, capacity 8725K, committed 8832K, reserved 1048576K

